2014-02-10 19:59:24.631 EastAustin[19433:80b] Multi-tasking -> Device: YES, App: YES
2014-02-10 19:59:25.035 EastAustin[19433:80b] Unlimited access to network resources
2014-02-10 19:59:28.676 EastAustin[19433:80b] Resetting plugins due to page load.
2014-02-10 19:59:29.249 EastAustin[19433:80b] Finished load of: file:///Users/ivanfuyivara/Library/Application%20Support/iPhone%20Simulator/7.0.3/Applications/621675B7-F9A7-4230-A15C-B3D63E694993/EastAustin.app/www/index.html
2014-02-10 20:06:16.984 EastAustin[20557:80b] Multi-tasking -> Device: YES, App: YES
2014-02-10 20:06:16.993 EastAustin[20557:80b] Unlimited access to network resources
2014-02-10 20:06:17.251 EastAustin[20557:80b] Resetting plugins due to page load.
2014-02-10 20:06:17.517 EastAustin[20557:80b] Finished load of: file:///Users/ivanfuyivara/Library/Application%20Support/iPhone%20Simulator/7.0.3/Applications/621675B7-F9A7-4230-A15C-B3D63E694993/EastAustin.app/www/index.html
2014-02-10 20:07:38.103 EastAustin[21008:80b] Multi-tasking -> Device: YES, App: YES
2014-02-10 20:07:38.134 EastAustin[21008:80b] Unlimited access to network resources
2014-02-10 20:07:38.371 EastAustin[21008:80b] Resetting plugins due to page load.
2014-02-10 20:07:38.736 EastAustin[21008:80b] Finished load of: file:///Users/ivanfuyivara/Library/Application%20Support/iPhone%20Simulator/7.0.3/Applications/621675B7-F9A7-4230-A15C-B3D63E694993/EastAustin.app/www/index.html
2014-02-10 20:07:42.511 EastAustin[21008:80b] Camera.getPicture: source type 1 not available.
2014-02-10 20:07:45.272 EastAustin[21008:80b] THREAD WARNING: ['Camera'] took '2795.485107' ms. Plugin should use a background thread.
2014-02-10 20:07:47.542 EastAustin[21008:80b] THREAD WARNING: ['Camera'] took '292.780029' ms. Plugin should use a background thread.
2014-02-10 20:10:20.615 EastAustin[21476:80b] Multi-tasking -> Device: YES, App: YES
2014-02-10 20:10:20.647 EastAustin[21476:80b] Unlimited access to network resources
2014-02-10 20:10:20.880 EastAustin[21476:80b] Resetting plugins due to page load.
2014-02-10 20:10:21.686 EastAustin[21476:80b] Finished load of: file:///Users/ivanfuyivara/Library/Application%20Support/iPhone%20Simulator/7.0.3/Applications/621675B7-F9A7-4230-A15C-B3D63E694993/EastAustin.app/www/index.html
2014-02-10 20:10:25.561 EastAustin[21476:80b] Camera.getPicture: source type 1 not available.
2014-02-10 20:10:27.481 EastAustin[21476:80b] THREAD WARNING: ['Camera'] took '1920.755859' ms. Plugin should use a background thread.
2014-02-10 20:10:28.613 EastAustin[21476:80b] THREAD WARNING: ['Camera'] took '134.377197' ms. Plugin should use a background thread.
2014-02-10 20:12:09.552 EastAustin[21746:80b] Multi-tasking -> Device: YES, App: YES
2014-02-10 20:12:09.567 EastAustin[21746:80b] Unlimited access to network resources
2014-02-10 20:12:09.762 EastAustin[21746:80b] Resetting plugins due to page load.
2014-02-10 20:12:09.906 EastAustin[21746:80b] Finished load of: file:///Users/ivanfuyivara/Library/Application%20Support/iPhone%20Simulator/7.0.3/Applications/621675B7-F9A7-4230-A15C-B3D63E694993/EastAustin.app/www/index.html
2014-02-10 20:29:26.929 EastAustin[22335:80b] Multi-tasking -> Device: YES, App: YES
2014-02-10 20:29:26.957 EastAustin[22335:80b] Unlimited access to network resources
2014-02-10 20:29:27.133 EastAustin[22335:80b] Resetting plugins due to page load.
2014-02-10 20:29:30.643 EastAustin[22335:80b] Finished load of: file:///Users/ivanfuyivara/Library/Application%20Support/iPhone%20Simulator/7.0.3/Applications/621675B7-F9A7-4230-A15C-B3D63E694993/EastAustin.app/www/index.html
2014-02-10 20:29:39.709 EastAustin[22335:80b] Camera.getPicture: source type 1 not available.
2014-02-10 20:29:42.122 EastAustin[22335:80b] THREAD WARNING: ['Camera'] took '2413.310059' ms. Plugin should use a background thread.
2014-02-10 20:29:43.157 EastAustin[22335:80b] THREAD WARNING: ['Camera'] took '251.785156' ms. Plugin should use a background thread.
2014-02-10 20:44:02.744 EastAustin[22700:80b] Multi-tasking -> Device: YES, App: YES
2014-02-10 20:44:02.800 EastAustin[22700:80b] Unlimited access to network resources
2014-02-10 20:44:02.964 EastAustin[22700:80b] Resetting plugins due to page load.
2014-02-10 20:44:03.317 EastAustin[22700:80b] Finished load of: file:///Users/ivanfuyivara/Library/Application%20Support/iPhone%20Simulator/7.0.3/Applications/621675B7-F9A7-4230-A15C-B3D63E694993/EastAustin.app/www/index.html
2014-02-10 20:51:07.517 EastAustin[23038:80b] Multi-tasking -> Device: YES, App: YES
2014-02-10 20:51:07.533 EastAustin[23038:80b] Unlimited access to network resources
2014-02-10 20:51:07.717 EastAustin[23038:80b] Resetting plugins due to page load.
2014-02-10 20:51:08.007 EastAustin[23038:80b] Finished load of: file:///Users/ivanfuyivara/Library/Application%20Support/iPhone%20Simulator/7.0.3/Applications/621675B7-F9A7-4230-A15C-B3D63E694993/EastAustin.app/www/index.html
2014-02-10 20:52:06.894 EastAustin[23038:80b] Camera.getPicture: source type 1 not available.
2014-02-10 20:52:08.696 EastAustin[23038:80b] THREAD WARNING: ['Camera'] took '1802.176025' ms. Plugin should use a background thread.
2014-02-10 20:52:09.381 EastAustin[23038:80b] THREAD WARNING: ['Camera'] took '209.699219' ms. Plugin should use a background thread.
2014-02-10 21:19:47.157 EastAustin[23609:80b] Multi-tasking -> Device: YES, App: YES
2014-02-10 21:19:47.173 EastAustin[23609:80b] Unlimited access to network resources
2014-02-10 21:19:47.315 EastAustin[23609:80b] Resetting plugins due to page load.
2014-02-10 21:19:47.736 EastAustin[23609:80b] Finished load of: file:///Users/ivanfuyivara/Library/Application%20Support/iPhone%20Simulator/7.0.3/Applications/621675B7-F9A7-4230-A15C-B3D63E694993/EastAustin.app/www/index.html
2014-02-10 21:19:53.243 EastAustin[23609:80b] THREAD WARNING: ['Camera'] took '417.221924' ms. Plugin should use a background thread.
2014-02-10 21:29:06.406 EastAustin[23934:80b] Multi-tasking -> Device: YES, App: YES
2014-02-10 21:29:06.435 EastAustin[23934:80b] Unlimited access to network resources
2014-02-10 21:29:06.564 EastAustin[23934:80b] Resetting plugins due to page load.
2014-02-10 21:29:07.248 EastAustin[23934:80b] Finished load of: file:///Users/ivanfuyivara/Library/Application%20Support/iPhone%20Simulator/7.0.3/Applications/621675B7-F9A7-4230-A15C-B3D63E694993/EastAustin.app/www/index.html
2014-02-10 21:29:31.214 EastAustin[23934:80b] THREAD WARNING: ['Camera'] took '399.578857' ms. Plugin should use a background thread.
2014-02-10 21:35:30.360 EastAustin[24261:80b] Multi-tasking -> Device: YES, App: YES
2014-02-10 21:35:30.369 EastAustin[24261:80b] Unlimited access to network resources
2014-02-10 21:35:30.486 EastAustin[24261:80b] Resetting plugins due to page load.
2014-02-10 21:35:30.785 EastAustin[24261:80b] Finished load of: file:///Users/ivanfuyivara/Library/Application%20Support/iPhone%20Simulator/7.0.3/Applications/621675B7-F9A7-4230-A15C-B3D63E694993/EastAustin.app/www/index.html
2014-02-10 21:35:35.351 EastAustin[24261:80b] THREAD WARNING: ['Camera'] took '106.892090' ms. Plugin should use a background thread.
2014-02-10 21:38:43.234 EastAustin[24553:80b] Multi-tasking -> Device: YES, App: YES
2014-02-10 21:38:43.262 EastAustin[24553:80b] Unlimited access to network resources
2014-02-10 21:38:44.310 EastAustin[24553:80b] Resetting plugins due to page load.
2014-02-10 21:38:44.666 EastAustin[24553:80b] Finished load of: file:///Users/ivanfuyivara/Library/Application%20Support/iPhone%20Simulator/7.0.3/Applications/621675B7-F9A7-4230-A15C-B3D63E694993/EastAustin.app/www/index.html
2014-02-10 21:40:40.303 EastAustin[24826:80b] Multi-tasking -> Device: YES, App: YES
2014-02-10 21:40:40.339 EastAustin[24826:80b] Unlimited access to network resources
2014-02-10 21:40:40.416 EastAustin[24826:80b] Resetting plugins due to page load.
2014-02-10 21:40:41.116 EastAustin[24826:80b] Finished load of: file:///Users/ivanfuyivara/Library/Application%20Support/iPhone%20Simulator/7.0.3/Applications/621675B7-F9A7-4230-A15C-B3D63E694993/EastAustin.app/www/index.html
2014-02-10 21:42:43.947 EastAustin[25099:80b] Multi-tasking -> Device: YES, App: YES
2014-02-10 21:42:43.980 EastAustin[25099:80b] Unlimited access to network resources
2014-02-10 21:42:44.181 EastAustin[25099:80b] Resetting plugins due to page load.
2014-02-10 21:42:44.428 EastAustin[25099:80b] Finished load of: file:///Users/ivanfuyivara/Library/Application%20Support/iPhone%20Simulator/7.0.3/Applications/621675B7-F9A7-4230-A15C-B3D63E694993/EastAustin.app/www/index.html
